INFO 2017-07-04 20:14:26,551 basehttp "GET / HTTP/1.1" 302 0
INFO 2017-07-04 20:14:26,611 basehttp "GET /login/?next=/ HTTP/1.1" 200 1584
WARNING 2017-07-04 20:14:26,704 base Not Found: /login/static/admin/css/base.css
WARNING 2017-07-04 20:14:26,709 base Not Found: /login/static/admin/css/login.css
WARNING 2017-07-04 20:14:26,709 basehttp "GET /login/static/admin/css/base.css HTTP/1.1" 404 3450
WARNING 2017-07-04 20:14:26,710 basehttp "GET /login/static/admin/css/login.css HTTP/1.1" 404 3453
INFO 2017-07-04 20:14:29,051 basehttp "POST /login/?next=/ HTTP/1.1" 302 0
INFO 2017-07-04 20:14:29,068 basehttp "GET / HTTP/1.1" 200 11325
INFO 2017-07-05 10:25:31,239 basehttp "GET / HTTP/1.1" 302 0
INFO 2017-07-05 10:25:31,307 basehttp "GET /login/?next=/ HTTP/1.1" 200 1584
WARNING 2017-07-05 10:25:31,403 base Not Found: /login/static/admin/css/base.css
WARNING 2017-07-05 10:25:31,404 basehttp "GET /login/static/admin/css/base.css HTTP/1.1" 404 3576
WARNING 2017-07-05 10:25:31,459 base Not Found: /login/static/admin/css/login.css
WARNING 2017-07-05 10:25:31,459 basehttp "GET /login/static/admin/css/login.css HTTP/1.1" 404 3579
INFO 2017-07-05 10:25:33,500 basehttp "POST /login/?next=/ HTTP/1.1" 302 0
INFO 2017-07-05 10:25:33,519 basehttp "GET / HTTP/1.1" 200 12435
ERROR 2017-07-05 10:26:11,343 exception Internal Server Error: /upload/
Traceback (most recent call last):
  File "/usr/local/lib/python3.5/dist-packages/django/core/handlers/exception.py", line 41, in inner
    response = get_response(request)
  File "/usr/local/lib/python3.5/dist-packages/django/core/handlers/base.py", line 217, in _get_response
    response = self.process_exception_by_middleware(e, request)
  File "/usr/local/lib/python3.5/dist-packages/django/core/handlers/base.py", line 215, in _get_response
    response = response.render()
  File "/usr/local/lib/python3.5/dist-packages/django/template/response.py", line 107, in render
    self.content = self.rendered_content
  File "/usr/local/lib/python3.5/dist-packages/django/template/response.py", line 82, in rendered_content
    template = self.resolve_template(self.template_name)
  File "/usr/local/lib/python3.5/dist-packages/django/template/response.py", line 66, in resolve_template
    return get_template(template, using=self.using)
  File "/usr/local/lib/python3.5/dist-packages/django/template/loader.py", line 25, in get_template
    raise TemplateDoesNotExist(template_name, chain=chain)
django.template.exceptions.TemplateDoesNotExist: home.html
ERROR 2017-07-05 10:26:11,410 basehttp "POST /upload/ HTTP/1.1" 500 87296
INFO 2017-07-05 10:26:55,339 basehttp "POST /upload/ HTTP/1.1" 200 12442
INFO 2017-07-05 10:26:55,443 basehttp "GET /static/libs/smde/simplemde.min.css HTTP/1.1" 200 10929
INFO 2017-07-05 10:26:55,448 basehttp "GET /static/libs/bootstrap/css/bootstrap.min.css HTTP/1.1" 200 121200
INFO 2017-07-05 10:26:55,453 basehttp "GET /static/libs/bootstrap/css/bootstrap-theme.min.css HTTP/1.1" 200 23409
INFO 2017-07-05 10:26:55,458 basehttp "GET /static/css/default.css HTTP/1.1" 200 677
INFO 2017-07-05 10:26:55,461 basehttp "GET /static/libs/jquery-3.2.1.min.js HTTP/1.1" 200 86659
INFO 2017-07-05 10:26:55,465 basehttp "GET /static/libs/bootstrap/js/bootstrap.min.js HTTP/1.1" 200 37045
INFO 2017-07-05 10:26:55,469 basehttp "GET /static/libs/smde/simplemde.min.js HTTP/1.1" 200 269308
INFO 2017-07-05 10:26:55,471 basehttp "GET /static/js/jsonhandler.js HTTP/1.1" 200 2958
INFO 2017-07-05 10:27:00,969 basehttp "GET /module/Reactor/getstate/cstr/ HTTP/1.1" 200 72
INFO 2017-07-05 10:27:00,983 basehttp "GET /module/Reactor/getstate/fill/ HTTP/1.1" 200 72
INFO 2017-07-05 10:27:00,995 basehttp "GET /module/Reactor/getstate/temp/ HTTP/1.1" 200 72
INFO 2017-07-05 10:27:01,006 basehttp "GET /module/Mixer/getstate/dispense/ HTTP/1.1" 200 72
INFO 2017-07-05 10:27:01,015 basehttp "GET /module/Mixer/getstate/dose/ HTTP/1.1" 200 72
INFO 2017-07-05 10:27:01,027 basehttp "GET /module/Mixer/getstate/fill/ HTTP/1.1" 200 72
INFO 2017-07-05 10:27:05,954 basehttp "GET /module/Reactor/getstate/cstr/ HTTP/1.1" 200 72
INFO 2017-07-05 10:27:05,959 basehttp "GET /module/Reactor/getstate/fill/ HTTP/1.1" 200 72
INFO 2017-07-05 10:27:05,967 basehttp "GET /module/Reactor/getstate/temp/ HTTP/1.1" 200 72
INFO 2017-07-05 10:27:05,975 basehttp "GET /module/Mixer/getstate/dispense/ HTTP/1.1" 200 72
INFO 2017-07-05 10:27:05,998 basehttp "GET /module/Mixer/getstate/dose/ HTTP/1.1" 200 72
INFO 2017-07-05 10:27:05,999 basehttp "GET /module/Mixer/getstate/fill/ HTTP/1.1" 200 72
INFO 2017-07-05 10:27:10,953 basehttp "GET /module/Reactor/getstate/cstr/ HTTP/1.1" 200 72
INFO 2017-07-05 10:27:10,963 basehttp "GET /module/Reactor/getstate/fill/ HTTP/1.1" 200 72
INFO 2017-07-05 10:27:10,970 basehttp "GET /module/Reactor/getstate/temp/ HTTP/1.1" 200 72
INFO 2017-07-05 10:27:10,980 basehttp "GET /module/Mixer/getstate/dispense/ HTTP/1.1" 200 72
INFO 2017-07-05 10:27:10,986 basehttp "GET /module/Mixer/getstate/dose/ HTTP/1.1" 200 72
INFO 2017-07-05 10:27:10,994 basehttp "GET /module/Mixer/getstate/fill/ HTTP/1.1" 200 72
INFO 2017-07-05 10:27:15,949 basehttp "GET /module/Reactor/getstate/cstr/ HTTP/1.1" 200 72
INFO 2017-07-05 10:27:15,955 basehttp "GET /module/Reactor/getstate/fill/ HTTP/1.1" 200 72
INFO 2017-07-05 10:27:15,969 basehttp "GET /module/Reactor/getstate/temp/ HTTP/1.1" 200 72
INFO 2017-07-05 10:27:15,970 basehttp "GET /module/Mixer/getstate/dispense/ HTTP/1.1" 200 72
INFO 2017-07-05 10:27:15,981 basehttp "GET /module/Mixer/getstate/dose/ HTTP/1.1" 200 72
INFO 2017-07-05 10:27:15,987 basehttp "GET /module/Mixer/getstate/fill/ HTTP/1.1" 200 72
INFO 2017-07-05 10:27:20,951 basehttp "GET /module/Reactor/getstate/cstr/ HTTP/1.1" 200 72
INFO 2017-07-05 10:27:20,958 basehttp "GET /module/Reactor/getstate/fill/ HTTP/1.1" 200 72
INFO 2017-07-05 10:27:20,965 basehttp "GET /module/Reactor/getstate/temp/ HTTP/1.1" 200 72
INFO 2017-07-05 10:27:20,975 basehttp "GET /module/Mixer/getstate/dispense/ HTTP/1.1" 200 72
INFO 2017-07-05 10:27:20,981 basehttp "GET /module/Mixer/getstate/dose/ HTTP/1.1" 200 72
INFO 2017-07-05 10:27:20,981 basehttp "GET /module/Mixer/getstate/fill/ HTTP/1.1" 200 72
INFO 2017-07-05 10:27:25,945 basehttp "GET /module/Reactor/getstate/cstr/ HTTP/1.1" 200 72
INFO 2017-07-05 10:27:25,954 basehttp "GET /module/Reactor/getstate/fill/ HTTP/1.1" 200 72
INFO 2017-07-05 10:27:25,963 basehttp "GET /module/Reactor/getstate/temp/ HTTP/1.1" 200 72
INFO 2017-07-05 10:27:25,967 basehttp "GET /module/Mixer/getstate/dose/ HTTP/1.1" 200 72
INFO 2017-07-05 10:27:25,967 basehttp "GET /module/Mixer/getstate/dispense/ HTTP/1.1" 200 72
INFO 2017-07-05 10:27:25,970 basehttp "GET /module/Mixer/getstate/fill/ HTTP/1.1" 200 72
INFO 2017-07-05 10:27:30,945 basehttp "GET /module/Reactor/getstate/cstr/ HTTP/1.1" 200 72
INFO 2017-07-05 10:27:30,949 basehttp "GET /module/Reactor/getstate/fill/ HTTP/1.1" 200 72
INFO 2017-07-05 10:27:30,958 basehttp "GET /module/Reactor/getstate/temp/ HTTP/1.1" 200 72
INFO 2017-07-05 10:27:30,966 basehttp "GET /module/Mixer/getstate/dispense/ HTTP/1.1" 200 72
INFO 2017-07-05 10:27:30,967 basehttp "GET /module/Mixer/getstate/dose/ HTTP/1.1" 200 72
INFO 2017-07-05 10:27:30,967 basehttp "GET /module/Mixer/getstate/fill/ HTTP/1.1" 200 72
INFO 2017-07-05 10:27:35,947 basehttp "GET /module/Reactor/getstate/cstr/ HTTP/1.1" 200 72
INFO 2017-07-05 10:27:35,952 basehttp "GET /module/Reactor/getstate/fill/ HTTP/1.1" 200 72
INFO 2017-07-05 10:27:35,955 basehttp "GET /module/Reactor/getstate/temp/ HTTP/1.1" 200 72
INFO 2017-07-05 10:27:35,964 basehttp "GET /module/Mixer/getstate/dose/ HTTP/1.1" 200 72
INFO 2017-07-05 10:27:35,965 basehttp "GET /module/Mixer/getstate/dispense/ HTTP/1.1" 200 72
INFO 2017-07-05 10:27:35,970 basehttp "GET /module/Mixer/getstate/fill/ HTTP/1.1" 200 72
INFO 2017-07-05 10:27:40,945 basehttp "GET /module/Reactor/getstate/cstr/ HTTP/1.1" 200 72
INFO 2017-07-05 10:27:40,959 basehttp "GET /module/Reactor/getstate/fill/ HTTP/1.1" 200 72
INFO 2017-07-05 10:27:40,964 basehttp "GET /module/Reactor/getstate/temp/ HTTP/1.1" 200 72
INFO 2017-07-05 10:27:40,967 basehttp "GET /module/Mixer/getstate/dose/ HTTP/1.1" 200 72
INFO 2017-07-05 10:27:40,970 basehttp "GET /module/Mixer/getstate/dispense/ HTTP/1.1" 200 72
INFO 2017-07-05 10:27:40,971 basehttp "GET /module/Mixer/getstate/fill/ HTTP/1.1" 200 72
INFO 2017-07-05 10:27:45,951 basehttp "GET /module/Reactor/getstate/cstr/ HTTP/1.1" 200 72
INFO 2017-07-05 10:27:45,978 basehttp "GET /module/Reactor/getstate/fill/ HTTP/1.1" 200 72
INFO 2017-07-05 10:27:45,981 basehttp "GET /module/Reactor/getstate/temp/ HTTP/1.1" 200 72
INFO 2017-07-05 10:27:45,992 basehttp "GET /module/Mixer/getstate/fill/ HTTP/1.1" 200 72
INFO 2017-07-05 10:27:45,993 basehttp "GET /module/Mixer/getstate/dispense/ HTTP/1.1" 200 72
INFO 2017-07-05 10:27:45,994 basehttp "GET /module/Mixer/getstate/dose/ HTTP/1.1" 200 72
INFO 2017-07-05 10:27:50,954 basehttp "GET /module/Reactor/getstate/cstr/ HTTP/1.1" 200 72
INFO 2017-07-05 10:27:50,974 basehttp "GET /module/Reactor/getstate/temp/ HTTP/1.1" 200 72
INFO 2017-07-05 10:27:50,975 basehttp "GET /module/Reactor/getstate/fill/ HTTP/1.1" 200 72
INFO 2017-07-05 10:27:50,993 basehttp "GET /module/Mixer/getstate/dispense/ HTTP/1.1" 200 72
INFO 2017-07-05 10:27:50,997 basehttp "GET /module/Mixer/getstate/dose/ HTTP/1.1" 200 72
INFO 2017-07-05 10:27:50,997 basehttp "GET /module/Mixer/getstate/fill/ HTTP/1.1" 200 72
INFO 2017-07-05 10:28:00,978 basehttp "GET /module/Reactor/getstate/cstr/ HTTP/1.1" 200 72
INFO 2017-07-05 10:28:00,987 basehttp "GET /module/Reactor/getstate/temp/ HTTP/1.1" 200 72
INFO 2017-07-05 10:28:00,990 basehttp "GET /module/Reactor/getstate/fill/ HTTP/1.1" 200 72
INFO 2017-07-05 10:28:00,994 basehttp "GET /module/Mixer/getstate/dose/ HTTP/1.1" 200 72
INFO 2017-07-05 10:28:00,996 basehttp "GET /module/Mixer/getstate/dispense/ HTTP/1.1" 200 72
INFO 2017-07-05 10:28:00,997 basehttp "GET /module/Mixer/getstate/fill/ HTTP/1.1" 200 72
INFO 2017-07-05 10:28:05,950 basehttp "GET /module/Reactor/getstate/cstr/ HTTP/1.1" 200 72
INFO 2017-07-05 10:28:05,967 basehttp "GET /module/Reactor/getstate/fill/ HTTP/1.1" 200 72
INFO 2017-07-05 10:28:05,975 basehttp "GET /module/Reactor/getstate/temp/ HTTP/1.1" 200 72
INFO 2017-07-05 10:28:05,977 basehttp "GET /module/Mixer/getstate/dispense/ HTTP/1.1" 200 72
INFO 2017-07-05 10:28:05,981 basehttp "GET /module/Mixer/getstate/dose/ HTTP/1.1" 200 72
INFO 2017-07-05 10:28:05,982 basehttp "GET /module/Mixer/getstate/fill/ HTTP/1.1" 200 72
ERROR 2017-07-05 10:28:07,625 exception Internal Server Error: /upload/
Traceback (most recent call last):
  File "/usr/local/lib/python3.5/dist-packages/django/core/handlers/exception.py", line 41, in inner
    response = get_response(request)
  File "/usr/local/lib/python3.5/dist-packages/django/core/handlers/base.py", line 187, in _get_response
    response = self.process_exception_by_middleware(e, request)
  File "/usr/local/lib/python3.5/dist-packages/django/core/handlers/base.py", line 185, in _get_response
    response = wrapped_callback(request, *callback_args, **callback_kwargs)
  File "/home/user/newCAE/CAE-PA/main/views.py", line 106, in uploadRecipes
    for file in os.listdir(RECIPE_DIR):
FileNotFoundError: [Errno 2] No such file or directory: 'recipes'
ERROR 2017-07-05 10:28:07,727 basehttp "POST /upload/ HTTP/1.1" 500 73529
INFO 2017-07-05 10:29:02,961 basehttp "POST /upload/ HTTP/1.1" 200 11806
INFO 2017-07-05 10:29:03,068 basehttp "GET /static/libs/smde/simplemde.min.css HTTP/1.1" 304 0
INFO 2017-07-05 10:29:03,072 basehttp "GET /static/libs/bootstrap/css/bootstrap.min.css HTTP/1.1" 304 0
INFO 2017-07-05 10:29:03,078 basehttp "GET /static/libs/bootstrap/css/bootstrap-theme.min.css HTTP/1.1" 304 0
INFO 2017-07-05 10:29:03,082 basehttp "GET /static/css/default.css HTTP/1.1" 304 0
INFO 2017-07-05 10:29:03,085 basehttp "GET /static/libs/jquery-3.2.1.min.js HTTP/1.1" 304 0
INFO 2017-07-05 10:29:03,089 basehttp "GET /static/libs/bootstrap/js/bootstrap.min.js HTTP/1.1" 304 0
INFO 2017-07-05 10:29:03,092 basehttp "GET /static/libs/smde/simplemde.min.js HTTP/1.1" 304 0
INFO 2017-07-05 10:29:03,095 basehttp "GET /static/js/jsonhandler.js HTTP/1.1" 304 0
INFO 2017-07-05 10:29:08,604 basehttp "GET /module/Mixer/getstate/dispense/ HTTP/1.1" 200 72
INFO 2017-07-05 10:29:08,615 basehttp "GET /module/Mixer/getstate/dose/ HTTP/1.1" 200 72
INFO 2017-07-05 10:29:08,624 basehttp "GET /module/Mixer/getstate/fill/ HTTP/1.1" 200 72
INFO 2017-07-05 10:29:08,635 basehttp "GET /module/Reactor/getstate/cstr/ HTTP/1.1" 200 72
INFO 2017-07-05 10:29:08,642 basehttp "GET /module/Reactor/getstate/fill/ HTTP/1.1" 200 72
INFO 2017-07-05 10:29:08,651 basehttp "GET /module/Reactor/getstate/temp/ HTTP/1.1" 200 72
INFO 2017-07-05 10:29:13,587 basehttp "GET /module/Mixer/getstate/dispense/ HTTP/1.1" 200 72
INFO 2017-07-05 10:29:13,592 basehttp "GET /module/Mixer/getstate/dose/ HTTP/1.1" 200 72
INFO 2017-07-05 10:29:13,600 basehttp "GET /module/Mixer/getstate/fill/ HTTP/1.1" 200 72
INFO 2017-07-05 10:29:13,605 basehttp "GET /module/Reactor/getstate/cstr/ HTTP/1.1" 200 72
INFO 2017-07-05 10:29:13,614 basehttp "GET /module/Reactor/getstate/fill/ HTTP/1.1" 200 72
INFO 2017-07-05 10:29:13,617 basehttp "GET /module/Reactor/getstate/temp/ HTTP/1.1" 200 72
INFO 2017-07-05 10:29:18,597 basehttp "GET /module/Mixer/getstate/dispense/ HTTP/1.1" 200 72
INFO 2017-07-05 10:29:18,608 basehttp "GET /module/Mixer/getstate/dose/ HTTP/1.1" 200 72
INFO 2017-07-05 10:29:18,616 basehttp "GET /module/Mixer/getstate/fill/ HTTP/1.1" 200 72
INFO 2017-07-05 10:29:18,624 basehttp "GET /module/Reactor/getstate/cstr/ HTTP/1.1" 200 72
INFO 2017-07-05 10:29:18,630 basehttp "GET /module/Reactor/getstate/fill/ HTTP/1.1" 200 72
INFO 2017-07-05 10:29:18,638 basehttp "GET /module/Reactor/getstate/temp/ HTTP/1.1" 200 72
INFO 2017-07-05 10:29:23,595 basehttp "GET /module/Mixer/getstate/dispense/ HTTP/1.1" 200 72
INFO 2017-07-05 10:29:23,603 basehttp "GET /module/Mixer/getstate/dose/ HTTP/1.1" 200 72
INFO 2017-07-05 10:29:23,611 basehttp "GET /module/Mixer/getstate/fill/ HTTP/1.1" 200 72
INFO 2017-07-05 10:29:23,619 basehttp "GET /module/Reactor/getstate/cstr/ HTTP/1.1" 200 72
INFO 2017-07-05 10:29:23,629 basehttp "GET /module/Reactor/getstate/fill/ HTTP/1.1" 200 72
INFO 2017-07-05 10:29:23,636 basehttp "GET /module/Reactor/getstate/temp/ HTTP/1.1" 200 72
INFO 2017-07-05 10:29:28,587 basehttp "GET /module/Mixer/getstate/dispense/ HTTP/1.1" 200 72
INFO 2017-07-05 10:29:28,594 basehttp "GET /module/Mixer/getstate/dose/ HTTP/1.1" 200 72
INFO 2017-07-05 10:29:28,602 basehttp "GET /module/Mixer/getstate/fill/ HTTP/1.1" 200 72
INFO 2017-07-05 10:29:28,607 basehttp "GET /module/Reactor/getstate/cstr/ HTTP/1.1" 200 72
INFO 2017-07-05 10:29:28,617 basehttp "GET /module/Reactor/getstate/fill/ HTTP/1.1" 200 72
INFO 2017-07-05 10:29:28,622 basehttp "GET /module/Reactor/getstate/temp/ HTTP/1.1" 200 72
INFO 2017-07-05 10:29:33,588 basehttp "GET /module/Mixer/getstate/dispense/ HTTP/1.1" 200 72
INFO 2017-07-05 10:29:33,607 basehttp "GET /module/Mixer/getstate/dose/ HTTP/1.1" 200 72
INFO 2017-07-05 10:29:33,612 basehttp "GET /module/Mixer/getstate/fill/ HTTP/1.1" 200 72
INFO 2017-07-05 10:29:33,616 basehttp "GET /module/Reactor/getstate/cstr/ HTTP/1.1" 200 72
INFO 2017-07-05 10:29:33,622 basehttp "GET /module/Reactor/getstate/temp/ HTTP/1.1" 200 72
INFO 2017-07-05 10:29:33,622 basehttp "GET /module/Reactor/getstate/fill/ HTTP/1.1" 200 72
INFO 2017-07-05 10:29:38,594 basehttp "GET /module/Mixer/getstate/dispense/ HTTP/1.1" 200 72
INFO 2017-07-05 10:29:38,611 basehttp "GET /module/Mixer/getstate/dose/ HTTP/1.1" 200 72
INFO 2017-07-05 10:29:38,613 basehttp "GET /module/Reactor/getstate/cstr/ HTTP/1.1" 200 72
INFO 2017-07-05 10:29:38,617 basehttp "GET /module/Mixer/getstate/fill/ HTTP/1.1" 200 72
INFO 2017-07-05 10:29:38,621 basehttp "GET /module/Reactor/getstate/temp/ HTTP/1.1" 200 72
INFO 2017-07-05 10:29:38,623 basehttp "GET /module/Reactor/getstate/fill/ HTTP/1.1" 200 72
INFO 2017-07-05 10:29:43,594 basehttp "GET /module/Mixer/getstate/dispense/ HTTP/1.1" 200 72
INFO 2017-07-05 10:29:43,603 basehttp "GET /module/Mixer/getstate/dose/ HTTP/1.1" 200 72
INFO 2017-07-05 10:29:43,611 basehttp "GET /module/Mixer/getstate/fill/ HTTP/1.1" 200 72
INFO 2017-07-05 10:29:43,613 basehttp "GET /module/Reactor/getstate/cstr/ HTTP/1.1" 200 72
INFO 2017-07-05 10:29:43,627 basehttp "GET /module/Reactor/getstate/fill/ HTTP/1.1" 200 72
INFO 2017-07-05 10:29:43,630 basehttp "GET /module/Reactor/getstate/temp/ HTTP/1.1" 200 72
INFO 2017-07-05 10:29:48,589 basehttp "GET /module/Mixer/getstate/dispense/ HTTP/1.1" 200 72
INFO 2017-07-05 10:29:48,613 basehttp "GET /module/Mixer/getstate/dose/ HTTP/1.1" 200 72
INFO 2017-07-05 10:29:48,618 basehttp "GET /module/Mixer/getstate/fill/ HTTP/1.1" 200 72
INFO 2017-07-05 10:29:48,620 basehttp "GET /module/Reactor/getstate/cstr/ HTTP/1.1" 200 72
INFO 2017-07-05 10:29:48,624 basehttp "GET /module/Reactor/getstate/fill/ HTTP/1.1" 200 72
INFO 2017-07-05 10:29:48,624 basehttp "GET /module/Reactor/getstate/temp/ HTTP/1.1" 200 72
INFO 2017-07-05 10:29:53,584 basehttp "GET /module/Mixer/getstate/dispense/ HTTP/1.1" 200 72
INFO 2017-07-05 10:29:53,597 basehttp "GET /module/Mixer/getstate/dose/ HTTP/1.1" 200 72
INFO 2017-07-05 10:29:53,600 basehttp "GET /module/Mixer/getstate/fill/ HTTP/1.1" 200 72
INFO 2017-07-05 10:29:53,610 basehttp "GET /module/Reactor/getstate/cstr/ HTTP/1.1" 200 72
INFO 2017-07-05 10:29:53,614 basehttp "GET /module/Reactor/getstate/temp/ HTTP/1.1" 200 72
INFO 2017-07-05 10:29:53,615 basehttp "GET /module/Reactor/getstate/fill/ HTTP/1.1" 200 72
INFO 2017-07-05 10:29:58,588 basehttp "GET /module/Mixer/getstate/dispense/ HTTP/1.1" 200 72
INFO 2017-07-05 10:29:58,591 basehttp "GET /module/Mixer/getstate/dose/ HTTP/1.1" 200 72
INFO 2017-07-05 10:29:58,596 basehttp "GET /module/Mixer/getstate/fill/ HTTP/1.1" 200 72
INFO 2017-07-05 10:29:58,602 basehttp "GET /module/Reactor/getstate/cstr/ HTTP/1.1" 200 72
INFO 2017-07-05 10:29:58,611 basehttp "GET /module/Reactor/getstate/fill/ HTTP/1.1" 200 72
INFO 2017-07-05 10:29:58,614 basehttp "GET /module/Reactor/getstate/temp/ HTTP/1.1" 200 72
INFO 2017-07-05 10:30:13,610 basehttp "GET /module/Mixer/getstate/dose/ HTTP/1.1" 200 72
INFO 2017-07-05 10:30:13,613 basehttp "GET /module/Mixer/getstate/dispense/ HTTP/1.1" 200 72
INFO 2017-07-05 10:30:13,615 basehttp "GET /module/Mixer/getstate/fill/ HTTP/1.1" 200 72
INFO 2017-07-05 10:30:13,622 basehttp "GET /module/Reactor/getstate/cstr/ HTTP/1.1" 200 72
INFO 2017-07-05 10:30:13,628 basehttp "GET /module/Reactor/getstate/fill/ HTTP/1.1" 200 72
INFO 2017-07-05 10:30:13,637 basehttp "GET /module/Reactor/getstate/temp/ HTTP/1.1" 200 72
INFO 2017-07-05 10:30:16,137 basehttp "POST /upload/ HTTP/1.1" 200 13033
INFO 2017-07-05 10:30:16,295 basehttp "GET /static/libs/smde/simplemde.min.css HTTP/1.1" 304 0
INFO 2017-07-05 10:30:16,301 basehttp "GET /static/libs/bootstrap/css/bootstrap.min.css HTTP/1.1" 304 0
INFO 2017-07-05 10:30:16,308 basehttp "GET /static/libs/bootstrap/css/bootstrap-theme.min.css HTTP/1.1" 304 0
INFO 2017-07-05 10:30:16,315 basehttp "GET /static/css/default.css HTTP/1.1" 304 0
INFO 2017-07-05 10:30:16,320 basehttp "GET /static/libs/jquery-3.2.1.min.js HTTP/1.1" 304 0
INFO 2017-07-05 10:30:16,325 basehttp "GET /static/libs/bootstrap/js/bootstrap.min.js HTTP/1.1" 304 0
INFO 2017-07-05 10:30:16,331 basehttp "GET /static/libs/smde/simplemde.min.js HTTP/1.1" 304 0
INFO 2017-07-05 10:30:16,336 basehttp "GET /static/js/jsonhandler.js HTTP/1.1" 304 0
INFO 2017-07-05 10:30:21,851 basehttp "GET /module/Reactor/getstate/cstr/ HTTP/1.1" 200 72
INFO 2017-07-05 10:30:21,858 basehttp "GET /module/Reactor/getstate/fill/ HTTP/1.1" 200 72
INFO 2017-07-05 10:30:21,864 basehttp "GET /module/Reactor/getstate/temp/ HTTP/1.1" 200 72
INFO 2017-07-05 10:30:21,872 basehttp "GET /module/Mixer/getstate/dispense/ HTTP/1.1" 200 72
INFO 2017-07-05 10:30:21,878 basehttp "GET /module/Mixer/getstate/dose/ HTTP/1.1" 200 72
INFO 2017-07-05 10:30:21,886 basehttp "GET /module/Mixer/getstate/fill/ HTTP/1.1" 200 72
INFO 2017-07-05 10:30:26,855 basehttp "GET /module/Reactor/getstate/cstr/ HTTP/1.1" 200 72
INFO 2017-07-05 10:30:26,865 basehttp "GET /module/Reactor/getstate/fill/ HTTP/1.1" 200 72
INFO 2017-07-05 10:30:26,873 basehttp "GET /module/Reactor/getstate/temp/ HTTP/1.1" 200 72
INFO 2017-07-05 10:30:26,883 basehttp "GET /module/Mixer/getstate/dispense/ HTTP/1.1" 200 72
INFO 2017-07-05 10:30:26,887 basehttp "GET /module/Mixer/getstate/dose/ HTTP/1.1" 200 72
INFO 2017-07-05 10:30:26,894 basehttp "GET /module/Mixer/getstate/fill/ HTTP/1.1" 200 72
INFO 2017-07-05 10:30:31,870 basehttp "GET /module/Reactor/getstate/cstr/ HTTP/1.1" 200 72
INFO 2017-07-05 10:30:31,884 basehttp "GET /module/Reactor/getstate/fill/ HTTP/1.1" 200 72
INFO 2017-07-05 10:30:31,894 basehttp "GET /module/Reactor/getstate/temp/ HTTP/1.1" 200 72
INFO 2017-07-05 10:30:31,905 basehttp "GET /module/Mixer/getstate/dispense/ HTTP/1.1" 200 72
INFO 2017-07-05 10:30:31,913 basehttp "GET /module/Mixer/getstate/dose/ HTTP/1.1" 200 72
INFO 2017-07-05 10:30:31,921 basehttp "GET /module/Mixer/getstate/fill/ HTTP/1.1" 200 72
INFO 2017-07-05 10:30:36,850 basehttp "GET /module/Reactor/getstate/cstr/ HTTP/1.1" 200 72
INFO 2017-07-05 10:30:36,856 basehttp "GET /module/Reactor/getstate/fill/ HTTP/1.1" 200 72
INFO 2017-07-05 10:30:36,865 basehttp "GET /module/Reactor/getstate/temp/ HTTP/1.1" 200 72
INFO 2017-07-05 10:30:36,868 basehttp "GET /module/Mixer/getstate/dispense/ HTTP/1.1" 200 72
INFO 2017-07-05 10:30:36,876 basehttp "GET /module/Mixer/getstate/dose/ HTTP/1.1" 200 72
INFO 2017-07-05 10:30:36,883 basehttp "GET /module/Mixer/getstate/fill/ HTTP/1.1" 200 72
INFO 2017-07-05 10:30:41,849 basehttp "GET /module/Reactor/getstate/cstr/ HTTP/1.1" 200 72
INFO 2017-07-05 10:30:41,855 basehttp "GET /module/Reactor/getstate/fill/ HTTP/1.1" 200 72
INFO 2017-07-05 10:30:41,860 basehttp "GET /module/Reactor/getstate/temp/ HTTP/1.1" 200 72
INFO 2017-07-05 10:30:41,871 basehttp "GET /module/Mixer/getstate/dispense/ HTTP/1.1" 200 72
INFO 2017-07-05 10:30:41,877 basehttp "GET /module/Mixer/getstate/dose/ HTTP/1.1" 200 72
INFO 2017-07-05 10:30:41,879 basehttp "GET /module/Mixer/getstate/fill/ HTTP/1.1" 200 72
INFO 2017-07-05 10:30:46,848 basehttp "GET /module/Reactor/getstate/cstr/ HTTP/1.1" 200 72
INFO 2017-07-05 10:30:46,855 basehttp "GET /module/Reactor/getstate/fill/ HTTP/1.1" 200 72
INFO 2017-07-05 10:30:46,869 basehttp "GET /module/Reactor/getstate/temp/ HTTP/1.1" 200 72
INFO 2017-07-05 10:30:46,873 basehttp "GET /module/Mixer/getstate/dispense/ HTTP/1.1" 200 72
INFO 2017-07-05 10:30:46,878 basehttp "GET /module/Mixer/getstate/dose/ HTTP/1.1" 200 72
INFO 2017-07-05 10:30:46,878 basehttp "GET /module/Mixer/getstate/fill/ HTTP/1.1" 200 72
INFO 2017-07-05 10:30:51,864 basehttp "GET /module/Reactor/getstate/cstr/ HTTP/1.1" 200 72
INFO 2017-07-05 10:30:51,873 basehttp "GET /module/Reactor/getstate/fill/ HTTP/1.1" 200 72
INFO 2017-07-05 10:30:51,889 basehttp "GET /module/Mixer/getstate/dispense/ HTTP/1.1" 200 72
INFO 2017-07-05 10:30:51,892 basehttp "GET /module/Reactor/getstate/temp/ HTTP/1.1" 200 72
INFO 2017-07-05 10:30:51,896 basehttp "GET /module/Mixer/getstate/dose/ HTTP/1.1" 200 72
INFO 2017-07-05 10:30:51,898 basehttp "GET /module/Mixer/getstate/fill/ HTTP/1.1" 200 72
INFO 2017-07-05 10:30:56,881 basehttp "GET /module/Reactor/getstate/cstr/ HTTP/1.1" 200 72
INFO 2017-07-05 10:30:56,892 basehttp "GET /module/Reactor/getstate/fill/ HTTP/1.1" 200 72
INFO 2017-07-05 10:30:56,916 basehttp "GET /module/Reactor/getstate/temp/ HTTP/1.1" 200 72
INFO 2017-07-05 10:30:56,918 basehttp "GET /module/Mixer/getstate/dispense/ HTTP/1.1" 200 72
INFO 2017-07-05 10:30:56,940 basehttp "GET /module/Mixer/getstate/dose/ HTTP/1.1" 200 72
INFO 2017-07-05 10:30:56,946 basehttp "GET /module/Mixer/getstate/fill/ HTTP/1.1" 200 72
INFO 2017-07-05 10:31:01,848 basehttp "GET /module/Reactor/getstate/cstr/ HTTP/1.1" 200 72
INFO 2017-07-05 10:31:01,860 basehttp "GET /module/Reactor/getstate/fill/ HTTP/1.1" 200 72
INFO 2017-07-05 10:31:01,863 basehttp "GET /module/Reactor/getstate/temp/ HTTP/1.1" 200 72
INFO 2017-07-05 10:31:01,880 basehttp "GET /module/Mixer/getstate/dispense/ HTTP/1.1" 200 72
INFO 2017-07-05 10:31:01,887 basehttp "GET /module/Mixer/getstate/fill/ HTTP/1.1" 200 72
INFO 2017-07-05 10:31:01,888 basehttp "GET /module/Mixer/getstate/dose/ HTTP/1.1" 200 72
INFO 2017-07-05 10:31:06,848 basehttp "GET /module/Reactor/getstate/cstr/ HTTP/1.1" 200 72
INFO 2017-07-05 10:31:06,859 basehttp "GET /module/Reactor/getstate/fill/ HTTP/1.1" 200 72
INFO 2017-07-05 10:31:06,873 basehttp "GET /module/Reactor/getstate/temp/ HTTP/1.1" 200 72
INFO 2017-07-05 10:31:06,876 basehttp "GET /module/Mixer/getstate/dispense/ HTTP/1.1" 200 72
INFO 2017-07-05 10:31:06,876 basehttp "GET /module/Mixer/getstate/dose/ HTTP/1.1" 200 72
INFO 2017-07-05 10:31:06,877 basehttp "GET /module/Mixer/getstate/fill/ HTTP/1.1" 200 72
INFO 2017-07-05 10:31:11,849 basehttp "GET /module/Reactor/getstate/cstr/ HTTP/1.1" 200 72
INFO 2017-07-05 10:31:11,856 basehttp "GET /module/Reactor/getstate/fill/ HTTP/1.1" 200 72
INFO 2017-07-05 10:31:11,859 basehttp "GET /module/Reactor/getstate/temp/ HTTP/1.1" 200 72
INFO 2017-07-05 10:31:11,867 basehttp "GET /module/Mixer/getstate/dispense/ HTTP/1.1" 200 72
INFO 2017-07-05 10:31:11,871 basehttp "GET /module/Mixer/getstate/dose/ HTTP/1.1" 200 72
INFO 2017-07-05 10:31:11,874 basehttp "GET /module/Mixer/getstate/fill/ HTTP/1.1" 200 72
INFO 2017-07-05 10:31:16,850 basehttp "GET /module/Reactor/getstate/cstr/ HTTP/1.1" 200 72
INFO 2017-07-05 10:31:16,859 basehttp "GET /module/Reactor/getstate/fill/ HTTP/1.1" 200 72
INFO 2017-07-05 10:31:16,862 basehttp "GET /module/Reactor/getstate/temp/ HTTP/1.1" 200 72
INFO 2017-07-05 10:31:16,868 basehttp "GET /module/Mixer/getstate/dispense/ HTTP/1.1" 200 72
INFO 2017-07-05 10:31:16,874 basehttp "GET /module/Mixer/getstate/dose/ HTTP/1.1" 200 72
INFO 2017-07-05 10:31:16,877 basehttp "GET /module/Mixer/getstate/fill/ HTTP/1.1" 200 72
INFO 2017-07-05 10:31:21,863 basehttp "GET /module/Reactor/getstate/cstr/ HTTP/1.1" 200 72
INFO 2017-07-05 10:31:21,867 basehttp "GET /module/Reactor/getstate/fill/ HTTP/1.1" 200 72
INFO 2017-07-05 10:31:21,872 basehttp "GET /module/Reactor/getstate/temp/ HTTP/1.1" 200 72
INFO 2017-07-05 10:31:21,891 basehttp "GET /module/Mixer/getstate/dispense/ HTTP/1.1" 200 72
INFO 2017-07-05 10:31:21,893 basehttp "GET /module/Mixer/getstate/dose/ HTTP/1.1" 200 72
INFO 2017-07-05 10:31:21,897 basehttp "GET /module/Mixer/getstate/fill/ HTTP/1.1" 200 72
INFO 2017-07-05 10:31:26,859 basehttp "GET /module/Reactor/getstate/cstr/ HTTP/1.1" 200 72
INFO 2017-07-05 10:31:26,867 basehttp "GET /module/Reactor/getstate/fill/ HTTP/1.1" 200 72
INFO 2017-07-05 10:31:26,880 basehttp "GET /module/Mixer/getstate/dispense/ HTTP/1.1" 200 72
INFO 2017-07-05 10:31:26,885 basehttp "GET /module/Reactor/getstate/temp/ HTTP/1.1" 200 72
INFO 2017-07-05 10:31:26,887 basehttp "GET /module/Mixer/getstate/dose/ HTTP/1.1" 200 72
INFO 2017-07-05 10:31:26,889 basehttp "GET /module/Mixer/getstate/fill/ HTTP/1.1" 200 72
INFO 2017-07-05 10:31:30,649 basehttp "POST /upload/ HTTP/1.1" 200 13099
INFO 2017-07-05 10:31:30,801 basehttp "GET /static/libs/smde/simplemde.min.css HTTP/1.1" 304 0
INFO 2017-07-05 10:31:30,808 basehttp "GET /static/libs/bootstrap/css/bootstrap.min.css HTTP/1.1" 304 0
INFO 2017-07-05 10:31:30,815 basehttp "GET /static/libs/bootstrap/css/bootstrap-theme.min.css HTTP/1.1" 304 0
INFO 2017-07-05 10:31:30,822 basehttp "GET /static/css/default.css HTTP/1.1" 304 0
INFO 2017-07-05 10:31:30,827 basehttp "GET /static/libs/jquery-3.2.1.min.js HTTP/1.1" 304 0
INFO 2017-07-05 10:31:30,832 basehttp "GET /static/libs/bootstrap/js/bootstrap.min.js HTTP/1.1" 304 0
INFO 2017-07-05 10:31:30,837 basehttp "GET /static/libs/smde/simplemde.min.js HTTP/1.1" 304 0
INFO 2017-07-05 10:31:30,842 basehttp "GET /static/js/jsonhandler.js HTTP/1.1" 304 0
INFO 2017-07-05 10:31:36,366 basehttp "GET /module/Reactor/getstate/cstr/ HTTP/1.1" 200 72
INFO 2017-07-05 10:31:36,373 basehttp "GET /module/Reactor/getstate/fill/ HTTP/1.1" 200 72
INFO 2017-07-05 10:31:36,379 basehttp "GET /module/Reactor/getstate/temp/ HTTP/1.1" 200 72
INFO 2017-07-05 10:31:36,385 basehttp "GET /module/Mixer/getstate/dispense/ HTTP/1.1" 200 72
INFO 2017-07-05 10:31:36,395 basehttp "GET /module/Mixer/getstate/dose/ HTTP/1.1" 200 72
INFO 2017-07-05 10:31:36,398 basehttp "GET /module/Mixer/getstate/fill/ HTTP/1.1" 200 72
INFO 2017-07-05 10:31:41,369 basehttp "GET /module/Reactor/getstate/cstr/ HTTP/1.1" 200 72
INFO 2017-07-05 10:31:41,378 basehttp "GET /module/Reactor/getstate/fill/ HTTP/1.1" 200 72
INFO 2017-07-05 10:31:41,391 basehttp "GET /module/Reactor/getstate/temp/ HTTP/1.1" 200 72
INFO 2017-07-05 10:31:41,401 basehttp "GET /module/Mixer/getstate/dispense/ HTTP/1.1" 200 72
INFO 2017-07-05 10:31:41,408 basehttp "GET /module/Mixer/getstate/dose/ HTTP/1.1" 200 72
INFO 2017-07-05 10:31:41,410 basehttp "GET /module/Mixer/getstate/fill/ HTTP/1.1" 200 72
INFO 2017-07-05 10:31:46,366 basehttp "GET /module/Reactor/getstate/cstr/ HTTP/1.1" 200 72
INFO 2017-07-05 10:31:46,375 basehttp "GET /module/Reactor/getstate/fill/ HTTP/1.1" 200 72
INFO 2017-07-05 10:31:46,383 basehttp "GET /module/Reactor/getstate/temp/ HTTP/1.1" 200 72
INFO 2017-07-05 10:31:46,392 basehttp "GET /module/Mixer/getstate/dispense/ HTTP/1.1" 200 72
INFO 2017-07-05 10:31:46,394 basehttp "GET /module/Mixer/getstate/dose/ HTTP/1.1" 200 72
INFO 2017-07-05 10:31:46,408 basehttp "GET /module/Mixer/getstate/fill/ HTTP/1.1" 200 72
INFO 2017-07-05 10:31:51,368 basehttp "GET /module/Reactor/getstate/cstr/ HTTP/1.1" 200 72
INFO 2017-07-05 10:31:51,376 basehttp "GET /module/Reactor/getstate/fill/ HTTP/1.1" 200 72
INFO 2017-07-05 10:31:51,382 basehttp "GET /module/Reactor/getstate/temp/ HTTP/1.1" 200 72
INFO 2017-07-05 10:31:51,391 basehttp "GET /module/Mixer/getstate/dispense/ HTTP/1.1" 200 72
INFO 2017-07-05 10:31:51,403 basehttp "GET /module/Mixer/getstate/dose/ HTTP/1.1" 200 72
INFO 2017-07-05 10:31:51,409 basehttp "GET /module/Mixer/getstate/fill/ HTTP/1.1" 200 72
INFO 2017-07-05 10:31:56,370 basehttp "GET /module/Reactor/getstate/cstr/ HTTP/1.1" 200 72
INFO 2017-07-05 10:31:56,391 basehttp "GET /module/Reactor/getstate/fill/ HTTP/1.1" 200 72
INFO 2017-07-05 10:31:56,409 basehttp "GET /module/Mixer/getstate/dispense/ HTTP/1.1" 200 72
INFO 2017-07-05 10:31:56,410 basehttp "GET /module/Mixer/getstate/fill/ HTTP/1.1" 200 72
INFO 2017-07-05 10:31:56,411 basehttp "GET /module/Reactor/getstate/temp/ HTTP/1.1" 200 72
INFO 2017-07-05 10:31:56,413 basehttp "GET /module/Mixer/getstate/dose/ HTTP/1.1" 200 72
INFO 2017-07-05 10:32:01,366 basehttp "GET /module/Reactor/getstate/cstr/ HTTP/1.1" 200 72
INFO 2017-07-05 10:32:01,389 basehttp "GET /module/Reactor/getstate/fill/ HTTP/1.1" 200 72
INFO 2017-07-05 10:32:01,398 basehttp "GET /module/Reactor/getstate/temp/ HTTP/1.1" 200 72
INFO 2017-07-05 10:32:01,404 basehttp "GET /module/Mixer/getstate/dose/ HTTP/1.1" 200 72
INFO 2017-07-05 10:32:01,404 basehttp "GET /module/Mixer/getstate/dispense/ HTTP/1.1" 200 72
INFO 2017-07-05 10:32:01,405 basehttp "GET /module/Mixer/getstate/fill/ HTTP/1.1" 200 72
INFO 2017-07-05 10:32:06,405 basehttp "GET /module/Reactor/getstate/cstr/ HTTP/1.1" 200 72
INFO 2017-07-05 10:32:06,429 basehttp "GET /module/Reactor/getstate/fill/ HTTP/1.1" 200 72
INFO 2017-07-05 10:32:06,435 basehttp "GET /module/Mixer/getstate/dispense/ HTTP/1.1" 200 72
INFO 2017-07-05 10:32:06,437 basehttp "GET /module/Reactor/getstate/temp/ HTTP/1.1" 200 72
INFO 2017-07-05 10:32:06,441 basehttp "GET /module/Mixer/getstate/dose/ HTTP/1.1" 200 72
INFO 2017-07-05 10:32:06,453 basehttp "GET /module/Mixer/getstate/fill/ HTTP/1.1" 200 72
INFO 2017-07-05 10:32:11,366 basehttp "GET /module/Reactor/getstate/cstr/ HTTP/1.1" 200 72
INFO 2017-07-05 10:32:11,395 basehttp "GET /module/Reactor/getstate/fill/ HTTP/1.1" 200 72
INFO 2017-07-05 10:32:11,397 basehttp "GET /module/Mixer/getstate/dispense/ HTTP/1.1" 200 72
INFO 2017-07-05 10:32:11,400 basehttp "GET /module/Reactor/getstate/temp/ HTTP/1.1" 200 72
INFO 2017-07-05 10:32:11,402 basehttp "GET /module/Mixer/getstate/dose/ HTTP/1.1" 200 72
INFO 2017-07-05 10:32:11,413 basehttp "GET /module/Mixer/getstate/fill/ HTTP/1.1" 200 72
INFO 2017-07-05 10:32:16,359 basehttp "GET /module/Reactor/getstate/cstr/ HTTP/1.1" 200 72
INFO 2017-07-05 10:32:16,372 basehttp "GET /module/Reactor/getstate/fill/ HTTP/1.1" 200 72
INFO 2017-07-05 10:32:16,381 basehttp "GET /module/Reactor/getstate/temp/ HTTP/1.1" 200 72
INFO 2017-07-05 10:32:16,389 basehttp "GET /module/Mixer/getstate/dispense/ HTTP/1.1" 200 72
INFO 2017-07-05 10:32:16,393 basehttp "GET /module/Mixer/getstate/dose/ HTTP/1.1" 200 72
INFO 2017-07-05 10:32:16,394 basehttp "GET /module/Mixer/getstate/fill/ HTTP/1.1" 200 72
INFO 2017-07-05 10:32:21,371 basehttp "GET /module/Reactor/getstate/cstr/ HTTP/1.1" 200 72
INFO 2017-07-05 10:32:21,380 basehttp "GET /module/Reactor/getstate/fill/ HTTP/1.1" 200 72
INFO 2017-07-05 10:32:21,387 basehttp "GET /module/Reactor/getstate/temp/ HTTP/1.1" 200 72
INFO 2017-07-05 10:32:21,403 basehttp "GET /module/Mixer/getstate/dispense/ HTTP/1.1" 200 72
INFO 2017-07-05 10:32:21,406 basehttp "GET /module/Mixer/getstate/dose/ HTTP/1.1" 200 72
INFO 2017-07-05 10:32:21,407 basehttp "GET /module/Mixer/getstate/fill/ HTTP/1.1" 200 72
INFO 2017-07-05 10:32:29,743 basehttp "POST /upload/ HTTP/1.1" 200 12742
INFO 2017-07-05 10:32:29,851 basehttp "GET /static/libs/smde/simplemde.min.css HTTP/1.1" 304 0
INFO 2017-07-05 10:32:29,855 basehttp "GET /static/libs/bootstrap/css/bootstrap.min.css HTTP/1.1" 304 0
INFO 2017-07-05 10:32:29,859 basehttp "GET /static/libs/bootstrap/css/bootstrap-theme.min.css HTTP/1.1" 304 0
INFO 2017-07-05 10:32:29,863 basehttp "GET /static/css/default.css HTTP/1.1" 304 0
INFO 2017-07-05 10:32:29,866 basehttp "GET /static/libs/jquery-3.2.1.min.js HTTP/1.1" 304 0
INFO 2017-07-05 10:32:29,869 basehttp "GET /static/libs/bootstrap/js/bootstrap.min.js HTTP/1.1" 304 0
INFO 2017-07-05 10:32:29,872 basehttp "GET /static/libs/smde/simplemde.min.js HTTP/1.1" 304 0
INFO 2017-07-05 10:32:29,874 basehttp "GET /static/js/jsonhandler.js HTTP/1.1" 304 0
INFO 2017-07-05 10:32:35,342 basehttp "GET /module/Reactor/getstate/cstr/ HTTP/1.1" 200 72
INFO 2017-07-05 10:32:35,345 basehttp "GET /module/Reactor/getstate/fill/ HTTP/1.1" 200 72
INFO 2017-07-05 10:32:35,348 basehttp "GET /module/Reactor/getstate/temp/ HTTP/1.1" 200 72
INFO 2017-07-05 10:32:35,356 basehttp "GET /module/Mixer/getstate/dispense/ HTTP/1.1" 200 72
INFO 2017-07-05 10:32:35,358 basehttp "GET /module/Mixer/getstate/dose/ HTTP/1.1" 200 72
INFO 2017-07-05 10:32:35,364 basehttp "GET /module/Mixer/getstate/fill/ HTTP/1.1" 200 72
INFO 2017-07-05 10:32:37,450 basehttp "POST /upload/upload/ HTTP/1.1" 200 12749
INFO 2017-07-05 10:32:42,956 basehttp "GET /module/Reactor/getstate/cstr/ HTTP/1.1" 200 72
INFO 2017-07-05 10:32:42,963 basehttp "GET /module/Reactor/getstate/fill/ HTTP/1.1" 200 72
INFO 2017-07-05 10:32:42,969 basehttp "GET /module/Reactor/getstate/temp/ HTTP/1.1" 200 72
INFO 2017-07-05 10:32:42,975 basehttp "GET /module/Mixer/getstate/dispense/ HTTP/1.1" 200 72
INFO 2017-07-05 10:32:42,981 basehttp "GET /module/Mixer/getstate/dose/ HTTP/1.1" 200 72
INFO 2017-07-05 10:32:42,988 basehttp "GET /module/Mixer/getstate/fill/ HTTP/1.1" 200 72
INFO 2017-07-05 10:32:47,957 basehttp "GET /module/Reactor/getstate/cstr/ HTTP/1.1" 200 72
INFO 2017-07-05 10:32:47,966 basehttp "GET /module/Reactor/getstate/fill/ HTTP/1.1" 200 72
INFO 2017-07-05 10:32:47,976 basehttp "GET /module/Reactor/getstate/temp/ HTTP/1.1" 200 72
INFO 2017-07-05 10:32:47,985 basehttp "GET /module/Mixer/getstate/dispense/ HTTP/1.1" 200 72
INFO 2017-07-05 10:32:47,992 basehttp "GET /module/Mixer/getstate/dose/ HTTP/1.1" 200 72
INFO 2017-07-05 10:32:47,999 basehttp "GET /module/Mixer/getstate/fill/ HTTP/1.1" 200 72
INFO 2017-07-05 10:32:52,946 basehttp "GET /module/Reactor/getstate/cstr/ HTTP/1.1" 200 72
INFO 2017-07-05 10:32:52,953 basehttp "GET /module/Reactor/getstate/fill/ HTTP/1.1" 200 72
INFO 2017-07-05 10:32:52,960 basehttp "GET /module/Reactor/getstate/temp/ HTTP/1.1" 200 72
INFO 2017-07-05 10:32:52,966 basehttp "GET /module/Mixer/getstate/dispense/ HTTP/1.1" 200 72
INFO 2017-07-05 10:32:52,974 basehttp "GET /module/Mixer/getstate/dose/ HTTP/1.1" 200 72
INFO 2017-07-05 10:32:52,977 basehttp "GET /module/Mixer/getstate/fill/ HTTP/1.1" 200 72
INFO 2017-07-05 10:32:57,955 basehttp "GET /module/Reactor/getstate/cstr/ HTTP/1.1" 200 72
INFO 2017-07-05 10:32:57,962 basehttp "GET /module/Reactor/getstate/fill/ HTTP/1.1" 200 72
INFO 2017-07-05 10:32:57,975 basehttp "GET /module/Reactor/getstate/temp/ HTTP/1.1" 200 72
INFO 2017-07-05 10:32:57,982 basehttp "GET /module/Mixer/getstate/dispense/ HTTP/1.1" 200 72
INFO 2017-07-05 10:32:57,986 basehttp "GET /module/Mixer/getstate/dose/ HTTP/1.1" 200 72
INFO 2017-07-05 10:32:57,987 basehttp "GET /module/Mixer/getstate/fill/ HTTP/1.1" 200 72
INFO 2017-07-05 10:33:02,958 basehttp "GET /module/Reactor/getstate/cstr/ HTTP/1.1" 200 72
INFO 2017-07-05 10:33:02,965 basehttp "GET /module/Reactor/getstate/fill/ HTTP/1.1" 200 72
INFO 2017-07-05 10:33:02,975 basehttp "GET /module/Reactor/getstate/temp/ HTTP/1.1" 200 72
INFO 2017-07-05 10:33:02,980 basehttp "GET /module/Mixer/getstate/dispense/ HTTP/1.1" 200 72
INFO 2017-07-05 10:33:02,987 basehttp "GET /module/Mixer/getstate/dose/ HTTP/1.1" 200 72
INFO 2017-07-05 10:33:02,992 basehttp "GET /module/Mixer/getstate/fill/ HTTP/1.1" 200 72
INFO 2017-07-05 10:33:07,953 basehttp "GET /module/Reactor/getstate/cstr/ HTTP/1.1" 200 72
INFO 2017-07-05 10:33:07,955 basehttp "GET /module/Reactor/getstate/fill/ HTTP/1.1" 200 72
INFO 2017-07-05 10:33:07,971 basehttp "GET /module/Reactor/getstate/temp/ HTTP/1.1" 200 72
INFO 2017-07-05 10:33:07,974 basehttp "GET /module/Mixer/getstate/dispense/ HTTP/1.1" 200 72
INFO 2017-07-05 10:33:07,975 basehttp "GET /module/Mixer/getstate/dose/ HTTP/1.1" 200 72
INFO 2017-07-05 10:33:07,976 basehttp "GET /module/Mixer/getstate/fill/ HTTP/1.1" 200 72
INFO 2017-07-05 10:33:12,954 basehttp "GET /module/Reactor/getstate/cstr/ HTTP/1.1" 200 72
INFO 2017-07-05 10:33:12,967 basehttp "GET /module/Reactor/getstate/fill/ HTTP/1.1" 200 72
INFO 2017-07-05 10:33:12,975 basehttp "GET /module/Reactor/getstate/temp/ HTTP/1.1" 200 72
INFO 2017-07-05 10:33:12,980 basehttp "GET /module/Mixer/getstate/dispense/ HTTP/1.1" 200 72
INFO 2017-07-05 10:33:12,985 basehttp "GET /module/Mixer/getstate/dose/ HTTP/1.1" 200 72
INFO 2017-07-05 10:33:12,986 basehttp "GET /module/Mixer/getstate/fill/ HTTP/1.1" 200 72
INFO 2017-07-05 10:33:17,949 basehttp "GET /module/Reactor/getstate/cstr/ HTTP/1.1" 200 72
INFO 2017-07-05 10:33:17,959 basehttp "GET /module/Reactor/getstate/fill/ HTTP/1.1" 200 72
INFO 2017-07-05 10:33:17,966 basehttp "GET /module/Reactor/getstate/temp/ HTTP/1.1" 200 72
INFO 2017-07-05 10:33:17,972 basehttp "GET /module/Mixer/getstate/dispense/ HTTP/1.1" 200 72
INFO 2017-07-05 10:33:17,974 basehttp "GET /module/Mixer/getstate/dose/ HTTP/1.1" 200 72
INFO 2017-07-05 10:33:17,976 basehttp "GET /module/Mixer/getstate/fill/ HTTP/1.1" 200 72
INFO 2017-07-05 10:33:22,951 basehttp "GET /module/Reactor/getstate/cstr/ HTTP/1.1" 200 72
INFO 2017-07-05 10:33:22,968 basehttp "GET /module/Reactor/getstate/fill/ HTTP/1.1" 200 72
INFO 2017-07-05 10:33:22,987 basehttp "GET /module/Reactor/getstate/temp/ HTTP/1.1" 200 72
INFO 2017-07-05 10:33:22,990 basehttp "GET /module/Mixer/getstate/dose/ HTTP/1.1" 200 72
INFO 2017-07-05 10:33:22,990 basehttp "GET /module/Mixer/getstate/dispense/ HTTP/1.1" 200 72
INFO 2017-07-05 10:33:22,993 basehttp "GET /module/Mixer/getstate/fill/ HTTP/1.1" 200 72
